[file:(testTime.c), func(log_init), line(60), time(Mon Jan 29 20:26:16 2024
)]: =====================log init done.====================[file:(testTime.c), func(log_init), line(61), time(Mon Jan 29 20:26:16 2024
)]: =================Mon Jan 29 20:26:16 2024
[file:(testTime.c), func(main), line(84), time(Mon Jan 29 20:26:16 2024
)]: count = 4
[file:(testTime.c), func(main), line(84), time(Mon Jan 29 20:26:16 2024
)]: count = 3
[file:(testTime.c), func(main), line(84), time(Mon Jan 29 20:26:16 2024
)]: count = 2
[file:(testTime.c), func(main), line(84), time(Mon Jan 29 20:26:16 2024
)]: count = 1
[file:(testTime.c), func(main), line(84), time(Mon Jan 29 20:26:16 2024
)]: count = 0
[file:(testTime.c), func(log_init), line(60), time(Mon Jan 29 20:27:00 2024
)]: =====================log init done.====================[file:(testTime.c), func(log_init), line(61), time(Mon Jan 29 20:27:00 2024
)]: =================Mon Jan 29 20:27:00 2024
[file:(testTime.c), func(main), line(84), time(Mon Jan 29 20:27:00 2024
)]: count = 49
[file:(testTime.c), func(main), line(84), time(Mon Jan 29 20:27:02 2024
)]: count = 48
[file:(testTime.c), func(main), line(84), time(Mon Jan 29 20:27:04 2024
)]: count = 47
[file:(testTime.c), func(main), line(84), time(Mon Jan 29 20:27:06 2024
)]: count = 46
[file:(testTime.c), func(main), line(84), time(Mon Jan 29 20:27:08 2024
)]: count = 45
[file:(testTime.c), func(main), line(84), time(Mon Jan 29 20:27:10 2024
)]: count = 44
[file:(testTime.c), func(main), line(84), time(Mon Jan 29 20:27:12 2024
)]: count = 43
[file:(testTime.c), func(main), line(84), time(Mon Jan 29 20:27:14 2024
)]: count = 42
[file:(testTime.c), func(main), line(84), time(Mon Jan 29 20:27:16 2024
)]: count = 41
[file:(testTime.c), func(main), line(84), time(Mon Jan 29 20:27:18 2024
)]: count = 40
[file:(testTime.c), func(main), line(84), time(Mon Jan 29 20:27:20 2024
)]: count = 39
[file:(testTime.c), func(main), line(84), time(Mon Jan 29 20:27:22 2024
)]: count = 38
[file:(testTime.c), func(main), line(84), time(Mon Jan 29 20:27:24 2024
)]: count = 37
[file:(testTime.c), func(main), line(84), time(Mon Jan 29 20:27:26 2024
)]: count = 36
[file:(testTime.c), func(main), line(84), time(Mon Jan 29 20:27:28 2024
)]: count = 35
[file:(testTime.c), func(main), line(84), time(Mon Jan 29 20:27:30 2024
)]: count = 34
[file:(testTime.c), func(main), line(84), time(Mon Jan 29 20:27:32 2024
)]: count = 33
[file:(testTime.c), func(main), line(84), time(Mon Jan 29 20:27:34 2024
)]: count = 32
[file:(testTime.c), func(main), line(84), time(Mon Jan 29 20:27:36 2024
)]: count = 31
[file:(testTime.c), func(main), line(84), time(Mon Jan 29 20:27:38 2024
)]: count = 30
[file:(testTime.c), func(main), line(84), time(Mon Jan 29 20:27:40 2024
)]: count = 29
[file:(testTime.c), func(main), line(84), time(Mon Jan 29 20:27:42 2024
)]: count = 28
[file:(testTime.c), func(main), line(84), time(Mon Jan 29 20:27:44 2024
)]: count = 27
[file:(testTime.c), func(main), line(84), time(Mon Jan 29 20:27:46 2024
)]: count = 26
[file:(testTime.c), func(main), line(84), time(Mon Jan 29 20:27:48 2024
)]: count = 25
[file:(testTime.c), func(main), line(84), time(Mon Jan 29 20:27:50 2024
)]: count = 24
[file:(testTime.c), func(main), line(84), time(Mon Jan 29 20:27:52 2024
)]: count = 23
[file:(testTime.c), func(main), line(84), time(Mon Jan 29 20:27:54 2024
)]: count = 22
[file:(testTime.c), func(main), line(84), time(Mon Jan 29 20:27:56 2024
)]: count = 21
[file:(testTime.c), func(main), line(84), time(Mon Jan 29 20:27:58 2024
)]: count = 20
[file:(testTime.c), func(main), line(84), time(Mon Jan 29 20:28:00 2024
)]: count = 19
[file:(testTime.c), func(main), line(84), time(Mon Jan 29 20:28:02 2024
)]: count = 18
[file:(testTime.c), func(main), line(84), time(Mon Jan 29 20:28:04 2024
)]: count = 17
[file:(testTime.c), func(main), line(84), time(Mon Jan 29 20:28:06 2024
)]: count = 16
[file:(testTime.c), func(main), line(84), time(Mon Jan 29 20:28:08 2024
)]: count = 15
[file:(testTime.c), func(main), line(84), time(Mon Jan 29 20:28:10 2024
)]: count = 14
[file:(testTime.c), func(main), line(84), time(Mon Jan 29 20:28:12 2024
)]: count = 13
[file:(testTime.c), func(main), line(84), time(Mon Jan 29 20:28:14 2024
)]: count = 12
[file:(testTime.c), func(main), line(84), time(Mon Jan 29 20:28:16 2024
)]: count = 11
[file:(testTime.c), func(main), line(84), time(Mon Jan 29 20:28:18 2024
)]: count = 10
[file:(testTime.c), func(main), line(84), time(Mon Jan 29 20:28:20 2024
)]: count = 9
[file:(testTime.c), func(main), line(84), time(Mon Jan 29 20:28:22 2024
)]: count = 8
[file:(testTime.c), func(main), line(84), time(Mon Jan 29 20:28:24 2024
)]: count = 7
[file:(testTime.c), func(main), line(84), time(Mon Jan 29 20:28:26 2024
)]: count = 6
[file:(testTime.c), func(main), line(84), time(Mon Jan 29 20:28:28 2024
)]: count = 5
[file:(testTime.c), func(main), line(84), time(Mon Jan 29 20:28:30 2024
)]: count = 4
[file:(testTime.c), func(main), line(84), time(Mon Jan 29 20:28:32 2024
)]: count = 3
[file:(testTime.c), func(main), line(84), time(Mon Jan 29 20:28:34 2024
)]: count = 2
[file:(testTime.c), func(main), line(84), time(Mon Jan 29 20:28:36 2024
)]: count = 1
[file:(testTime.c), func(main), line(84), time(Mon Jan 29 20:28:38 2024
)]: count = 0
